#
# There is insufficient memory for the Java Runtime Environment to continue.
# Native memory allocation (malloc) failed to allocate 1048576 bytes for AllocateHeap
# Possible reasons:
#   The system is out of physical RAM or swap space
#   The process is running with CompressedOops enabled, and the Java Heap may be blocking the growth of the native heap
# Possible solutions:
#   Reduce memory load on the system
#   Increase physical memory or swap space
#   Check if swap backing store is full
#   Decrease Java heap size (-Xmx/-Xms)
#   Decrease number of Java threads
#   Decrease Java thread stack sizes (-Xss)
#   Set larger code cache with -XX:ReservedCodeCacheSize=
#   JVM is running with Unscaled Compressed Oops mode in which the Java heap is
#     placed in the first 4GB address space. The Java Heap base address is the
#     maximum limit for the native heap growth. Please use -XX:HeapBaseMinAddress
#     to set the Java Heap base and to place the Java Heap above 4GB virtual address.
# This output file may be truncated or incomplete.
#
#  Out of Memory Error (memory/allocation.inline.hpp:61), pid=5748, tid=0x0000000000003788
#
# JRE version:  (8.0_242-b01) (build )
# Java VM: OpenJDK 64-Bit Server VM (25.242-b01 mixed mode windows-amd64 compressed oops)
# Failed to write core dump. Minidumps are not enabled by default on client versions of Windows
#

---------------  T H R E A D  ---------------

Current thread (0x00000000025ae000):  JavaThread "Unknown thread" [_thread_in_vm, id=14216, stack(0x0000000002470000,0x0000000002570000)]

Stack: [0x0000000002470000,0x0000000002570000]
[error occurred during error reporting (printing stack bounds), id 0xc0000005]

Native frames: (J=compiled Java code, j=interpreted, Vv=VM code, C=native code)


---------------  P R O C E S S  ---------------

Java Threads: ( => current thread )

Other Threads:

=>0x00000000025ae000 (exited) JavaThread "Unknown thread" [_thread_in_vm, id=14216, stack(0x0000000002470000,0x0000000002570000)]

VM state:not at safepoint (normal execution)

VM Mutex/Monitor currently owned by a thread: None

heap address: 0x0000000082200000, size: 2014 MB, Compressed Oops mode: 32-bit
Narrow klass base: 0x0000000000000000, Narrow klass shift: 3
Compressed class space size: 1073741824 Address: 0x0000000100000000

Heap:
 PSYoungGen      total 37888K, used 655K [0x00000000d6100000, 0x00000000d8b00000, 0x0000000100000000)
  eden space 32768K, 2% used [0x00000000d6100000,0x00000000d61a3d80,0x00000000d8100000)
  from space 5120K, 0% used [0x00000000d8600000,0x00000000d8600000,0x00000000d8b00000)
  to   space 5120K, 0% used [0x00000000d8100000,0x00000000d8100000,0x00000000d8600000)
 ParOldGen       total 86016K, used 0K [0x0000000082200000, 0x0000000087600000, 0x00000000d6100000)
  object space 86016K, 0% used [0x0000000082200000,0x0000000082200000,0x0000000087600000)
 Metaspace       used 779K, capacity 4480K, committed 4480K, reserved 1056768K
  class space    used 74K, capacity 384K, committed 384K, reserved 1048576K

Card table byte_map: [0x0000000011a70000,0x0000000011e60000] byte_map_base: 0x000000001165f000

Marking Bits: (ParMarkBitMap*) 0x000000006560f030
 Begin Bits: [0x0000000012900000, 0x0000000014878000)
 End Bits:   [0x0000000014878000, 0x00000000167f0000)

Polling page: 0x00000000007f0000

CodeCache: size=245760Kb used=328Kb max_used=328Kb free=245431Kb
 bounds [0x00000000026b0000, 0x0000000002920000, 0x00000000116b0000]
 total_blobs=57 nmethods=0 adapters=38
 compilation: enabled

Compilation events (0 events):
No events

GC Heap History (0 events):
No events

Deoptimization events (0 events):
No events

Classes redefined (0 events):
No events

Internal exceptions (0 events):
No events

Events (10 events):
Event: 0.150 loading class java/lang/Short
Event: 0.150 loading class java/lang/Short done
Event: 0.150 loading class java/lang/Integer
Event: 0.150 loading class java/lang/Integer done
Event: 0.150 loading class java/lang/Long
Event: 0.151 loading class java/lang/Long done
Event: 0.152 loading class java/lang/NullPointerException
Event: 0.152 loading class java/lang/NullPointerException done
Event: 0.152 loading class java/lang/ArithmeticException
Event: 0.152 loading class java/lang/ArithmeticException done


Dynamic libraries:
0x00007ff73ae70000 - 0x00007ff73aea1000 	C:\Program Files\Android\Android Studio\jre\bin\java.EXE
0x00007ffb19710000 - 0x00007ffb19906000 	C:\WINDOWS\SYSTEM32\ntdll.dll
0x00007ffb17fe0000 - 0x00007ffb1809d000 	C:\WINDOWS\System32\KERNEL32.DLL
0x00007ffb17130000 - 0x00007ffb173f9000 	C:\WINDOWS\System32\KERNELBASE.dll
0x00007ffb19620000 - 0x00007ffb196cc000 	C:\WINDOWS\System32\ADVAPI32.dll
0x00007ffb184f0000 - 0x00007ffb1858e000 	C:\WINDOWS\System32\msvcrt.dll
0x00007ffb193a0000 - 0x00007ffb1943c000 	C:\WINDOWS\System32\sechost.dll
0x00007ffb18600000 - 0x00007ffb1872b000 	C:\WINDOWS\System32\RPCRT4.dll
0x00007ffb17820000 - 0x00007ffb179c0000 	C:\WINDOWS\System32\USER32.dll
0x00007ffb16f50000 - 0x00007ffb16f72000 	C:\WINDOWS\System32\win32u.dll
0x00007ffb17fb0000 - 0x00007ffb17fda000 	C:\WINDOWS\System32\GDI32.dll
0x00007ffb17500000 - 0x00007ffb1760b000 	C:\WINDOWS\System32\gdi32full.dll
0x00007ffb17460000 - 0x00007ffb174fd000 	C:\WINDOWS\System32\msvcp_win.dll
0x00007ffb16f80000 - 0x00007ffb17080000 	C:\WINDOWS\System32\ucrtbase.dll
0x00007ffafec30000 - 0x00007ffafeecb000 	C:\WINDOWS\WinSxS\amd64_microsoft.windows.common-controls_6595b64144ccf1df_6.0.19041.746_none_ca02b4b61b8320a4\COMCTL32.dll
0x00007ffb177d0000 - 0x00007ffb17800000 	C:\WINDOWS\System32\IMM32.DLL
0x0000000064c80000 - 0x0000000064d52000 	C:\Program Files\Android\Android Studio\jre\jre\bin\msvcr100.dll
0x0000000064e40000 - 0x000000006568b000 	C:\Program Files\Android\Android Studio\jre\jre\bin\server\jvm.dll
0x00007ffb18460000 - 0x00007ffb18468000 	C:\WINDOWS\System32\PSAPI.DLL
0x00007ffb02960000 - 0x00007ffb02969000 	C:\WINDOWS\SYSTEM32\WSOCK32.dll
0x00007ffb0dd60000 - 0x00007ffb0dd6a000 	C:\WINDOWS\SYSTEM32\VERSION.dll
0x00007ffafcd80000 - 0x00007ffafcda7000 	C:\WINDOWS\SYSTEM32\WINMM.dll
0x00007ffb18590000 - 0x00007ffb185fb000 	C:\WINDOWS\System32\WS2_32.dll
0x00007ffb02950000 - 0x00007ffb0295f000 	C:\Program Files\Android\Android Studio\jre\jre\bin\verify.dll
0x00007ffaed080000 - 0x00007ffaed0a9000 	C:\Program Files\Android\Android Studio\jre\jre\bin\java.dll
0x00007ffaed060000 - 0x00007ffaed076000 	C:\Program Files\Android\Android Studio\jre\jre\bin\zip.dll

VM Arguments:
java_command: <unknown>
java_class_path (initial): .
Launcher Type: SUN_STANDARD

Environment Variables:
JAVA_HOME=C:\Program Files\Java\jdk-15.0.1
PATH=C:\Program Files\Common Files\Oracle\Java\javapath;C:\Program Files (x86)\Common Files\Oracle\Java\javapath;C:\ProgramData\Oracle\Java\javapath;C:\WINDOWS\system32;C:\WINDOWS;C:\WINDOWS\System32\Wbem;C:\WINDOWS\System32\WindowsPowerShell\v1.0\;C:\WINDOWS\System32\OpenSSH\;C:\Program Files (x86)\Intel\Intel(R) Management Engine Components\DAL;C:\Program Files\Intel\Intel(R) Management Engine Components\DAL;C:\Program Files\nodejs\;C:\ProgramData\chocolatey\bin;C:\Program Files\Git\cmd;C:\ProgramData\ComposerSetup\bin;C:\Users\Anoop\AppData\Local\Programs\Python\Python37-32\Scripts\;C:\Users\Anoop\AppData\Local\Programs\Python\Python37-32\;C:\Users\Anoop\AppData\Local\Microsoft\WindowsApps;C:\Users\Anoop\AppData\Local\atom\bin;C:\Users\Anoop\AppData\Local\Microsoft\WindowsApps;C:\wamp64\bin\php\php7.4.0;C:\Users\Anoop\composer;C:\Users\Anoop\AppData\Roaming\Composer\vendor\bin;C:\Program Files\JetBrains\PyCharm Community Edition 2020.1.3\bin;;C:\Users\Anoop\AppData\Roaming\npm;C:\Users\Anoop\AppData\Local\Programs\Microsoft VS Code\bin;C:\Program Files\Java\jdk-15.0.1\bin;C:\src\flutter\bin;
USERNAME=Anoop
OS=Windows_NT
PROCESSOR_IDENTIFIER=Intel64 Family 6 Model 142 Stepping 12, GenuineIntel



---------------  S Y S T E M  ---------------

OS: Windows 10.0 , 64 bit Build 19041 (10.0.19041.662)

CPU:total 8 (initial active 8) (4 cores per cpu, 2 threads per core) family 6 model 142 stepping 12, cmov, cx8, fxsr, mmx, sse, sse2, sse3, ssse3, sse4.1, sse4.2, popcnt, avx, avx2, aes, clmul, erms, 3dnowpref, lzcnt, ht, tsc, tscinvbit, bmi1, bmi2, adx

Memory: 4k page, physical 8242392k(907092k free), swap 20530392k(5320k free)

vm_info: OpenJDK 64-Bit Server VM (25.242-b01) for windows-amd64 JRE (1.8.0_242-release-1644-b01), built by "builder" with MS VC++ 10.0 (VS2010)

time: Sat Jan 30 11:00:27 2021
timezone: India Standard Time
elapsed time: 0 seconds (0d 0h 0m 0s)

